[13:15:06] [main/WARN]: Ambiguity between arguments [teleport, destination] and [teleport, targets] with inputs: [Player, 0123, @e, dd12be42-52a9-4a91-a8a1-11c01849e498]
[13:15:06] [main/WARN]: Ambiguity between arguments [teleport, location] and [teleport, destination] with inputs: [0.1 -0.5 .9, 0 0 0]
[13:15:06] [main/WARN]: Ambiguity between arguments [teleport, location] and [teleport, targets] with inputs: [0.1 -0.5 .9, 0 0 0]
[13:15:06] [main/WARN]: Ambiguity between arguments [teleport, targets] and [teleport, destination] with inputs: [Player, 0123, dd12be42-52a9-4a91-a8a1-11c01849e498]
[13:15:06] [main/WARN]: Ambiguity between arguments [teleport, targets, location] and [teleport, targets, destination] with inputs: [0.1 -0.5 .9, 0 0 0]
[13:15:06] [Server thread/INFO]: Starting minecraft server version 1.14.3
[13:15:06] [Server thread/INFO]: Loading properties
[13:15:06] [Server thread/INFO]: Default game type: SURVIVAL
[13:15:06] [Server thread/INFO]: Generating keypair
[13:15:07] [Server thread/INFO]: Starting Minecraft server on *:25565
[13:15:07] [Server thread/INFO]: Using epoll channel type
[13:15:07] [Server thread/INFO]: Preparing level "World03"
[13:15:07] [Server thread/INFO]: Reloading ResourceManager: Default, anti enderman grief v1.0.0.zip, coordinates hud v1.1.0.zip, customizable armor stands v2.4.0.zip, double shulker shells v1.0.3.zip, dragon drops elytra v1.0.2.zip, larger phantoms v1.0.0.zip, more mob heads v2.1.0.zip, multiplayer sleep v1.0.1.zip, nether portal coords v1.0.0.zip, player graves v1.5.0.zip, sethome v1.2.0.zip, silence mobs v1.0.0.zip, tag v2.0.0.zip
[13:15:08] [Server thread/INFO]: Loaded 6 recipes
[13:15:08] [Server thread/WARN]: Datapack tried to redefine minecraft:empty loot table, ignoring
[13:15:09] [Server thread/INFO]: Loaded 97 custom command functions
[13:15:09] [Server thread/INFO]: Loaded 827 advancements
[13:15:10] [Server thread/INFO]: Preparing start region for dimension minecraft:overworld
[13:15:13] [Server thread/INFO]: Preparing spawn area: 0%
[13:15:13] [Server thread/INFO]: Preparing spawn area: 0%
[13:15:13] [Server thread/INFO]: Preparing spawn area: 0%
[13:15:13] [Server thread/INFO]: Preparing spawn area: 0%
[13:15:13] [Server thread/INFO]: Preparing spawn area: 0%
[13:15:13] [Server thread/INFO]: Preparing spawn area: 0%
[13:15:13] [Server thread/INFO]: Preparing spawn area: 0%
[13:15:18] [Server-Worker-2/INFO]: Preparing spawn area: 0%
[13:15:18] [Server-Worker-1/INFO]: Preparing spawn area: 0%
[13:15:18] [Server-Worker-1/INFO]: Preparing spawn area: 0%
[13:15:18] [Server-Worker-3/INFO]: Preparing spawn area: 0%
[13:15:18] [Server-Worker-2/INFO]: Preparing spawn area: 0%
[13:15:18] [Server-Worker-2/INFO]: Preparing spawn area: 0%
[13:15:18] [Server-Worker-2/INFO]: Preparing spawn area: 0%
[13:15:18] [Server-Worker-2/INFO]: Preparing spawn area: 0%
[13:15:18] [Server-Worker-2/INFO]: Preparing spawn area: 0%
[13:15:18] [Server-Worker-2/INFO]: Preparing spawn area: 0%
[13:15:19] [Server thread/INFO]: Preparing spawn area: 44%
[13:15:19] [Server thread/INFO]: Time elapsed: 8723 ms
[13:15:19] [Server thread/INFO]: Done (11.970s)! For help, type "help"
